CRITICAL - 2022-05-11 20:50:45 --> Call to undefined method CodeIgniter\View\View::extends()
#0 C:\xampp-8.1.5\htdocs\ci4-deskapp-withcomposer\vendor\codeigniter4\framework\system\View\View.php(210): include()
#1 C:\xampp-8.1.5\htdocs\ci4-deskapp-withcomposer\vendor\codeigniter4\framework\system\View\View.php(213): CodeIgniter\View\View->CodeIgniter\View\{closure}()
#2 C:\xampp-8.1.5\htdocs\ci4-deskapp-withcomposer\vendor\codeigniter4\framework\system\Common.php(1089): CodeIgniter\View\View->render('dashboard', Array, true)
#3 C:\xampp-8.1.5\htdocs\ci4-deskapp-withcomposer\app\Controllers\Dashboard.php(10): view('dashboard')
#4 C:\xampp-8.1.5\htdocs\ci4-deskapp-withcomposer\vendor\codeigniter4\framework\system\CodeIgniter.php(832): App\Controllers\Dashboard->index()
#5 C:\xampp-8.1.5\htdocs\ci4-deskapp-withcomposer\vendor\codeigniter4\framework\system\CodeIgniter.php(419): CodeIgniter\CodeIgniter->runController(Object(App\Controllers\Dashboard))
#6 C:\xampp-8.1.5\htdocs\ci4-deskapp-withcomposer\vendor\codeigniter4\framework\system\CodeIgniter.php(326): CodeIgniter\CodeIgniter->handleRequest(NULL, Object(Config\Cache), false)
#7 C:\xampp-8.1.5\htdocs\ci4-deskapp-withcomposer\public\index.php(37): CodeIgniter\CodeIgniter->run()
#8 C:\xampp-8.1.5\htdocs\ci4-deskapp-withcomposer\vendor\codeigniter4\framework\system\Commands\Server\rewrite.php(43): require_once('C:\\xampp-8.1.5\\...')
#9 {main}
CRITICAL - 2022-05-11 20:52:18 --> Call to undefined method CodeIgniter\View\View::extends()
#0 C:\xampp-8.1.5\htdocs\ci4-deskapp-withcomposer\vendor\codeigniter4\framework\system\View\View.php(210): include()
#1 C:\xampp-8.1.5\htdocs\ci4-deskapp-withcomposer\vendor\codeigniter4\framework\system\View\View.php(213): CodeIgniter\View\View->CodeIgniter\View\{closure}()
#2 C:\xampp-8.1.5\htdocs\ci4-deskapp-withcomposer\vendor\codeigniter4\framework\system\Common.php(1089): CodeIgniter\View\View->render('dashboard', Array, true)
#3 C:\xampp-8.1.5\htdocs\ci4-deskapp-withcomposer\app\Controllers\Dashboard.php(9): view('dashboard')
#4 C:\xampp-8.1.5\htdocs\ci4-deskapp-withcomposer\vendor\codeigniter4\framework\system\CodeIgniter.php(832): App\Controllers\Dashboard->index()
#5 C:\xampp-8.1.5\htdocs\ci4-deskapp-withcomposer\vendor\codeigniter4\framework\system\CodeIgniter.php(419): CodeIgniter\CodeIgniter->runController(Object(App\Controllers\Dashboard))
#6 C:\xampp-8.1.5\htdocs\ci4-deskapp-withcomposer\vendor\codeigniter4\framework\system\CodeIgniter.php(326): CodeIgniter\CodeIgniter->handleRequest(NULL, Object(Config\Cache), false)
#7 C:\xampp-8.1.5\htdocs\ci4-deskapp-withcomposer\public\index.php(37): CodeIgniter\CodeIgniter->run()
#8 C:\xampp-8.1.5\htdocs\ci4-deskapp-withcomposer\vendor\codeigniter4\framework\system\Commands\Server\rewrite.php(43): require_once('C:\\xampp-8.1.5\\...')
#9 {main}
CRITICAL - 2022-05-11 20:52:37 --> Call to undefined method CodeIgniter\View\View::extends()
#0 C:\xampp-8.1.5\htdocs\ci4-deskapp-withcomposer\vendor\codeigniter4\framework\system\View\View.php(210): include()
#1 C:\xampp-8.1.5\htdocs\ci4-deskapp-withcomposer\vendor\codeigniter4\framework\system\View\View.php(213): CodeIgniter\View\View->CodeIgniter\View\{closure}()
#2 C:\xampp-8.1.5\htdocs\ci4-deskapp-withcomposer\vendor\codeigniter4\framework\system\Common.php(1089): CodeIgniter\View\View->render('dashboard', Array, true)
#3 C:\xampp-8.1.5\htdocs\ci4-deskapp-withcomposer\app\Controllers\Dashboard.php(9): view('dashboard')
#4 C:\xampp-8.1.5\htdocs\ci4-deskapp-withcomposer\vendor\codeigniter4\framework\system\CodeIgniter.php(832): App\Controllers\Dashboard->index()
#5 C:\xampp-8.1.5\htdocs\ci4-deskapp-withcomposer\vendor\codeigniter4\framework\system\CodeIgniter.php(419): CodeIgniter\CodeIgniter->runController(Object(App\Controllers\Dashboard))
#6 C:\xampp-8.1.5\htdocs\ci4-deskapp-withcomposer\vendor\codeigniter4\framework\system\CodeIgniter.php(326): CodeIgniter\CodeIgniter->handleRequest(NULL, Object(Config\Cache), false)
#7 C:\xampp-8.1.5\htdocs\ci4-deskapp-withcomposer\public\index.php(37): CodeIgniter\CodeIgniter->run()
#8 C:\xampp-8.1.5\htdocs\ci4-deskapp-withcomposer\vendor\codeigniter4\framework\system\Commands\Server\rewrite.php(43): require_once('C:\\xampp-8.1.5\\...')
#9 {main}
CRITICAL - 2022-05-11 20:58:57 --> Undefined property: CodeIgniter\View\View::$load
#0 C:\xampp-8.1.5\htdocs\ci4-deskapp-withcomposer\app\Views\dashboard.php(18): CodeIgniter\Debug\Exceptions->errorHandler(2, 'Undefined prope...', 'C:\\xampp-8.1.5\\...', 18)
#1 C:\xampp-8.1.5\htdocs\ci4-deskapp-withcomposer\vendor\codeigniter4\framework\system\View\View.php(210): include('C:\\xampp-8.1.5\\...')
#2 C:\xampp-8.1.5\htdocs\ci4-deskapp-withcomposer\vendor\codeigniter4\framework\system\View\View.php(213): CodeIgniter\View\View->CodeIgniter\View\{closure}()
#3 C:\xampp-8.1.5\htdocs\ci4-deskapp-withcomposer\vendor\codeigniter4\framework\system\Common.php(1089): CodeIgniter\View\View->render('dashboard', Array, true)
#4 C:\xampp-8.1.5\htdocs\ci4-deskapp-withcomposer\app\Controllers\Dashboard.php(9): view('dashboard')
#5 C:\xampp-8.1.5\htdocs\ci4-deskapp-withcomposer\vendor\codeigniter4\framework\system\CodeIgniter.php(832): App\Controllers\Dashboard->index()
#6 C:\xampp-8.1.5\htdocs\ci4-deskapp-withcomposer\vendor\codeigniter4\framework\system\CodeIgniter.php(419): CodeIgniter\CodeIgniter->runController(Object(App\Controllers\Dashboard))
#7 C:\xampp-8.1.5\htdocs\ci4-deskapp-withcomposer\vendor\codeigniter4\framework\system\CodeIgniter.php(326): CodeIgniter\CodeIgniter->handleRequest(NULL, Object(Config\Cache), false)
#8 C:\xampp-8.1.5\htdocs\ci4-deskapp-withcomposer\public\index.php(37): CodeIgniter\CodeIgniter->run()
#9 C:\xampp-8.1.5\htdocs\ci4-deskapp-withcomposer\vendor\codeigniter4\framework\system\Commands\Server\rewrite.php(43): require_once('C:\\xampp-8.1.5\\...')
#10 {main}
CRITICAL - 2022-05-11 21:04:13 --> syntax error, unexpected token ";"
#0 C:\xampp-8.1.5\htdocs\ci4-deskapp-withcomposer\vendor\codeigniter4\framework\system\View\View.php(213): CodeIgniter\View\View->CodeIgniter\View\{closure}()
#1 C:\xampp-8.1.5\htdocs\ci4-deskapp-withcomposer\vendor\codeigniter4\framework\system\Common.php(1089): CodeIgniter\View\View->render('dashboard', Array, true)
#2 C:\xampp-8.1.5\htdocs\ci4-deskapp-withcomposer\app\Controllers\Dashboard.php(9): view('dashboard')
#3 C:\xampp-8.1.5\htdocs\ci4-deskapp-withcomposer\vendor\codeigniter4\framework\system\CodeIgniter.php(832): App\Controllers\Dashboard->index()
#4 C:\xampp-8.1.5\htdocs\ci4-deskapp-withcomposer\vendor\codeigniter4\framework\system\CodeIgniter.php(419): CodeIgniter\CodeIgniter->runController(Object(App\Controllers\Dashboard))
#5 C:\xampp-8.1.5\htdocs\ci4-deskapp-withcomposer\vendor\codeigniter4\framework\system\CodeIgniter.php(326): CodeIgniter\CodeIgniter->handleRequest(NULL, Object(Config\Cache), false)
#6 C:\xampp-8.1.5\htdocs\ci4-deskapp-withcomposer\public\index.php(37): CodeIgniter\CodeIgniter->run()
#7 C:\xampp-8.1.5\htdocs\ci4-deskapp-withcomposer\vendor\codeigniter4\framework\system\Commands\Server\rewrite.php(43): require_once('C:\\xampp-8.1.5\\...')
#8 {main}
CRITICAL - 2022-05-11 21:35:05 --> Undefined variable $dataNotif
#0 C:\xampp-8.1.5\htdocs\ci4-deskapp-withcomposer\app\Views\layout\header.php(60): CodeIgniter\Debug\Exceptions->errorHandler(2, 'Undefined varia...', 'C:\\xampp-8.1.5\\...', 60)
#1 C:\xampp-8.1.5\htdocs\ci4-deskapp-withcomposer\vendor\codeigniter4\framework\system\View\View.php(210): include('C:\\xampp-8.1.5\\...')
#2 C:\xampp-8.1.5\htdocs\ci4-deskapp-withcomposer\vendor\codeigniter4\framework\system\View\View.php(213): CodeIgniter\View\View->CodeIgniter\View\{closure}()
#3 C:\xampp-8.1.5\htdocs\ci4-deskapp-withcomposer\vendor\codeigniter4\framework\system\Common.php(1089): CodeIgniter\View\View->render('layout/header', Array, true)
#4 C:\xampp-8.1.5\htdocs\ci4-deskapp-withcomposer\app\Views\dashboard.php(7): view('layout/header')
#5 C:\xampp-8.1.5\htdocs\ci4-deskapp-withcomposer\vendor\codeigniter4\framework\system\View\View.php(210): include('C:\\xampp-8.1.5\\...')
#6 C:\xampp-8.1.5\htdocs\ci4-deskapp-withcomposer\vendor\codeigniter4\framework\system\View\View.php(213): CodeIgniter\View\View->CodeIgniter\View\{closure}()
#7 C:\xampp-8.1.5\htdocs\ci4-deskapp-withcomposer\vendor\codeigniter4\framework\system\Common.php(1089): CodeIgniter\View\View->render('dashboard', Array, true)
#8 C:\xampp-8.1.5\htdocs\ci4-deskapp-withcomposer\app\Controllers\Dashboard.php(42): view('dashboard', Array)
#9 C:\xampp-8.1.5\htdocs\ci4-deskapp-withcomposer\vendor\codeigniter4\framework\system\CodeIgniter.php(832): App\Controllers\Dashboard->index()
#10 C:\xampp-8.1.5\htdocs\ci4-deskapp-withcomposer\vendor\codeigniter4\framework\system\CodeIgniter.php(419): CodeIgniter\CodeIgniter->runController(Object(App\Controllers\Dashboard))
#11 C:\xampp-8.1.5\htdocs\ci4-deskapp-withcomposer\vendor\codeigniter4\framework\system\CodeIgniter.php(326): CodeIgniter\CodeIgniter->handleRequest(NULL, Object(Config\Cache), false)
#12 C:\xampp-8.1.5\htdocs\ci4-deskapp-withcomposer\public\index.php(37): CodeIgniter\CodeIgniter->run()
#13 C:\xampp-8.1.5\htdocs\ci4-deskapp-withcomposer\vendor\codeigniter4\framework\system\Commands\Server\rewrite.php(43): require_once('C:\\xampp-8.1.5\\...')
#14 {main}
CRITICAL - 2022-05-11 21:38:06 --> Undefined variable $dataNotif
#0 C:\xampp-8.1.5\htdocs\ci4-deskapp-withcomposer\app\Views\layout\header.php(60): CodeIgniter\Debug\Exceptions->errorHandler(2, 'Undefined varia...', 'C:\\xampp-8.1.5\\...', 60)
#1 C:\xampp-8.1.5\htdocs\ci4-deskapp-withcomposer\vendor\codeigniter4\framework\system\View\View.php(210): include('C:\\xampp-8.1.5\\...')
#2 C:\xampp-8.1.5\htdocs\ci4-deskapp-withcomposer\vendor\codeigniter4\framework\system\View\View.php(213): CodeIgniter\View\View->CodeIgniter\View\{closure}()
#3 C:\xampp-8.1.5\htdocs\ci4-deskapp-withcomposer\vendor\codeigniter4\framework\system\Common.php(1089): CodeIgniter\View\View->render('layout/header', Array, true)
#4 C:\xampp-8.1.5\htdocs\ci4-deskapp-withcomposer\app\Views\dashboard.php(7): view('layout/header')
#5 C:\xampp-8.1.5\htdocs\ci4-deskapp-withcomposer\vendor\codeigniter4\framework\system\View\View.php(210): include('C:\\xampp-8.1.5\\...')
#6 C:\xampp-8.1.5\htdocs\ci4-deskapp-withcomposer\vendor\codeigniter4\framework\system\View\View.php(213): CodeIgniter\View\View->CodeIgniter\View\{closure}()
#7 C:\xampp-8.1.5\htdocs\ci4-deskapp-withcomposer\vendor\codeigniter4\framework\system\Common.php(1089): CodeIgniter\View\View->render('dashboard', Array, true)
#8 C:\xampp-8.1.5\htdocs\ci4-deskapp-withcomposer\app\Controllers\Dashboard.php(42): view('dashboard', Array)
#9 C:\xampp-8.1.5\htdocs\ci4-deskapp-withcomposer\vendor\codeigniter4\framework\system\CodeIgniter.php(832): App\Controllers\Dashboard->index()
#10 C:\xampp-8.1.5\htdocs\ci4-deskapp-withcomposer\vendor\codeigniter4\framework\system\CodeIgniter.php(419): CodeIgniter\CodeIgniter->runController(Object(App\Controllers\Dashboard))
#11 C:\xampp-8.1.5\htdocs\ci4-deskapp-withcomposer\vendor\codeigniter4\framework\system\CodeIgniter.php(326): CodeIgniter\CodeIgniter->handleRequest(NULL, Object(Config\Cache), false)
#12 C:\xampp-8.1.5\htdocs\ci4-deskapp-withcomposer\public\index.php(37): CodeIgniter\CodeIgniter->run()
#13 C:\xampp-8.1.5\htdocs\ci4-deskapp-withcomposer\vendor\codeigniter4\framework\system\Commands\Server\rewrite.php(43): require_once('C:\\xampp-8.1.5\\...')
#14 {main}
CRITICAL - 2022-05-11 21:38:39 --> Undefined variable $dataNotife
#0 C:\xampp-8.1.5\htdocs\ci4-deskapp-withcomposer\app\Views\layout\header.php(60): CodeIgniter\Debug\Exceptions->errorHandler(2, 'Undefined varia...', 'C:\\xampp-8.1.5\\...', 60)
#1 C:\xampp-8.1.5\htdocs\ci4-deskapp-withcomposer\vendor\codeigniter4\framework\system\View\View.php(210): include('C:\\xampp-8.1.5\\...')
#2 C:\xampp-8.1.5\htdocs\ci4-deskapp-withcomposer\vendor\codeigniter4\framework\system\View\View.php(213): CodeIgniter\View\View->CodeIgniter\View\{closure}()
#3 C:\xampp-8.1.5\htdocs\ci4-deskapp-withcomposer\vendor\codeigniter4\framework\system\Common.php(1089): CodeIgniter\View\View->render('layout/header', Array, true)
#4 C:\xampp-8.1.5\htdocs\ci4-deskapp-withcomposer\app\Views\dashboard.php(7): view('layout/header')
#5 C:\xampp-8.1.5\htdocs\ci4-deskapp-withcomposer\vendor\codeigniter4\framework\system\View\View.php(210): include('C:\\xampp-8.1.5\\...')
#6 C:\xampp-8.1.5\htdocs\ci4-deskapp-withcomposer\vendor\codeigniter4\framework\system\View\View.php(213): CodeIgniter\View\View->CodeIgniter\View\{closure}()
#7 C:\xampp-8.1.5\htdocs\ci4-deskapp-withcomposer\vendor\codeigniter4\framework\system\Common.php(1089): CodeIgniter\View\View->render('dashboard', Array, true)
#8 C:\xampp-8.1.5\htdocs\ci4-deskapp-withcomposer\app\Controllers\Dashboard.php(42): view('dashboard', Array)
#9 C:\xampp-8.1.5\htdocs\ci4-deskapp-withcomposer\vendor\codeigniter4\framework\system\CodeIgniter.php(832): App\Controllers\Dashboard->index()
#10 C:\xampp-8.1.5\htdocs\ci4-deskapp-withcomposer\vendor\codeigniter4\framework\system\CodeIgniter.php(419): CodeIgniter\CodeIgniter->runController(Object(App\Controllers\Dashboard))
#11 C:\xampp-8.1.5\htdocs\ci4-deskapp-withcomposer\vendor\codeigniter4\framework\system\CodeIgniter.php(326): CodeIgniter\CodeIgniter->handleRequest(NULL, Object(Config\Cache), false)
#12 C:\xampp-8.1.5\htdocs\ci4-deskapp-withcomposer\public\index.php(37): CodeIgniter\CodeIgniter->run()
#13 C:\xampp-8.1.5\htdocs\ci4-deskapp-withcomposer\vendor\codeigniter4\framework\system\Commands\Server\rewrite.php(43): require_once('C:\\xampp-8.1.5\\...')
#14 {main}
CRITICAL - 2022-05-11 21:39:12 --> Undefined variable $dataNotife
#0 C:\xampp-8.1.5\htdocs\ci4-deskapp-withcomposer\app\Views\dashboard.php(7): CodeIgniter\Debug\Exceptions->errorHandler(2, 'Undefined varia...', 'C:\\xampp-8.1.5\\...', 7)
#1 C:\xampp-8.1.5\htdocs\ci4-deskapp-withcomposer\vendor\codeigniter4\framework\system\View\View.php(210): include('C:\\xampp-8.1.5\\...')
#2 C:\xampp-8.1.5\htdocs\ci4-deskapp-withcomposer\vendor\codeigniter4\framework\system\View\View.php(213): CodeIgniter\View\View->CodeIgniter\View\{closure}()
#3 C:\xampp-8.1.5\htdocs\ci4-deskapp-withcomposer\vendor\codeigniter4\framework\system\Common.php(1089): CodeIgniter\View\View->render('dashboard', Array, true)
#4 C:\xampp-8.1.5\htdocs\ci4-deskapp-withcomposer\app\Controllers\Dashboard.php(42): view('dashboard', Array)
#5 C:\xampp-8.1.5\htdocs\ci4-deskapp-withcomposer\vendor\codeigniter4\framework\system\CodeIgniter.php(832): App\Controllers\Dashboard->index()
#6 C:\xampp-8.1.5\htdocs\ci4-deskapp-withcomposer\vendor\codeigniter4\framework\system\CodeIgniter.php(419): CodeIgniter\CodeIgniter->runController(Object(App\Controllers\Dashboard))
#7 C:\xampp-8.1.5\htdocs\ci4-deskapp-withcomposer\vendor\codeigniter4\framework\system\CodeIgniter.php(326): CodeIgniter\CodeIgniter->handleRequest(NULL, Object(Config\Cache), false)
#8 C:\xampp-8.1.5\htdocs\ci4-deskapp-withcomposer\public\index.php(37): CodeIgniter\CodeIgniter->run()
#9 C:\xampp-8.1.5\htdocs\ci4-deskapp-withcomposer\vendor\codeigniter4\framework\system\Commands\Server\rewrite.php(43): require_once('C:\\xampp-8.1.5\\...')
#10 {main}
CRITICAL - 2022-05-11 21:40:32 --> Undefined variable $dataNotife
#0 C:\xampp-8.1.5\htdocs\ci4-deskapp-withcomposer\app\Views\dashboard.php(10): CodeIgniter\Debug\Exceptions->errorHandler(2, 'Undefined varia...', 'C:\\xampp-8.1.5\\...', 10)
#1 C:\xampp-8.1.5\htdocs\ci4-deskapp-withcomposer\vendor\codeigniter4\framework\system\View\View.php(210): include('C:\\xampp-8.1.5\\...')
#2 C:\xampp-8.1.5\htdocs\ci4-deskapp-withcomposer\vendor\codeigniter4\framework\system\View\View.php(213): CodeIgniter\View\View->CodeIgniter\View\{closure}()
#3 C:\xampp-8.1.5\htdocs\ci4-deskapp-withcomposer\vendor\codeigniter4\framework\system\Common.php(1089): CodeIgniter\View\View->render('dashboard', Array, true)
#4 C:\xampp-8.1.5\htdocs\ci4-deskapp-withcomposer\app\Controllers\Dashboard.php(42): view('dashboard', Array)
#5 C:\xampp-8.1.5\htdocs\ci4-deskapp-withcomposer\vendor\codeigniter4\framework\system\CodeIgniter.php(832): App\Controllers\Dashboard->index()
#6 C:\xampp-8.1.5\htdocs\ci4-deskapp-withcomposer\vendor\codeigniter4\framework\system\CodeIgniter.php(419): CodeIgniter\CodeIgniter->runController(Object(App\Controllers\Dashboard))
#7 C:\xampp-8.1.5\htdocs\ci4-deskapp-withcomposer\vendor\codeigniter4\framework\system\CodeIgniter.php(326): CodeIgniter\CodeIgniter->handleRequest(NULL, Object(Config\Cache), false)
#8 C:\xampp-8.1.5\htdocs\ci4-deskapp-withcomposer\public\index.php(37): CodeIgniter\CodeIgniter->run()
#9 C:\xampp-8.1.5\htdocs\ci4-deskapp-withcomposer\vendor\codeigniter4\framework\system\Commands\Server\rewrite.php(43): require_once('C:\\xampp-8.1.5\\...')
#10 {main}
CRITICAL - 2022-05-11 21:41:33 --> Undefined variable $dataNotife
#0 C:\xampp-8.1.5\htdocs\ci4-deskapp-withcomposer\app\Views\dashboard.php(2): CodeIgniter\Debug\Exceptions->errorHandler(2, 'Undefined varia...', 'C:\\xampp-8.1.5\\...', 2)
#1 C:\xampp-8.1.5\htdocs\ci4-deskapp-withcomposer\vendor\codeigniter4\framework\system\View\View.php(210): include('C:\\xampp-8.1.5\\...')
#2 C:\xampp-8.1.5\htdocs\ci4-deskapp-withcomposer\vendor\codeigniter4\framework\system\View\View.php(213): CodeIgniter\View\View->CodeIgniter\View\{closure}()
#3 C:\xampp-8.1.5\htdocs\ci4-deskapp-withcomposer\vendor\codeigniter4\framework\system\Common.php(1089): CodeIgniter\View\View->render('dashboard', Array, true)
#4 C:\xampp-8.1.5\htdocs\ci4-deskapp-withcomposer\app\Controllers\Dashboard.php(42): view('dashboard', Array)
#5 C:\xampp-8.1.5\htdocs\ci4-deskapp-withcomposer\vendor\codeigniter4\framework\system\CodeIgniter.php(832): App\Controllers\Dashboard->index()
#6 C:\xampp-8.1.5\htdocs\ci4-deskapp-withcomposer\vendor\codeigniter4\framework\system\CodeIgniter.php(419): CodeIgniter\CodeIgniter->runController(Object(App\Controllers\Dashboard))
#7 C:\xampp-8.1.5\htdocs\ci4-deskapp-withcomposer\vendor\codeigniter4\framework\system\CodeIgniter.php(326): CodeIgniter\CodeIgniter->handleRequest(NULL, Object(Config\Cache), false)
#8 C:\xampp-8.1.5\htdocs\ci4-deskapp-withcomposer\public\index.php(37): CodeIgniter\CodeIgniter->run()
#9 C:\xampp-8.1.5\htdocs\ci4-deskapp-withcomposer\vendor\codeigniter4\framework\system\Commands\Server\rewrite.php(43): require_once('C:\\xampp-8.1.5\\...')
#10 {main}
CRITICAL - 2022-05-11 22:24:12 --> View themes, no current section.
#0 C:\xampp-8.1.5\htdocs\ci4-deskapp-withcomposer\app\Views\dashboard.php(242): CodeIgniter\View\View->endSection()
#1 C:\xampp-8.1.5\htdocs\ci4-deskapp-withcomposer\vendor\codeigniter4\framework\system\View\View.php(210): include('C:\\xampp-8.1.5\\...')
#2 C:\xampp-8.1.5\htdocs\ci4-deskapp-withcomposer\vendor\codeigniter4\framework\system\View\View.php(213): CodeIgniter\View\View->CodeIgniter\View\{closure}()
#3 C:\xampp-8.1.5\htdocs\ci4-deskapp-withcomposer\vendor\codeigniter4\framework\system\Common.php(1089): CodeIgniter\View\View->render('dashboard', Array, true)
#4 C:\xampp-8.1.5\htdocs\ci4-deskapp-withcomposer\app\Controllers\Dashboard.php(44): view('dashboard', Array)
#5 C:\xampp-8.1.5\htdocs\ci4-deskapp-withcomposer\vendor\codeigniter4\framework\system\CodeIgniter.php(832): App\Controllers\Dashboard->index()
#6 C:\xampp-8.1.5\htdocs\ci4-deskapp-withcomposer\vendor\codeigniter4\framework\system\CodeIgniter.php(419): CodeIgniter\CodeIgniter->runController(Object(App\Controllers\Dashboard))
#7 C:\xampp-8.1.5\htdocs\ci4-deskapp-withcomposer\vendor\codeigniter4\framework\system\CodeIgniter.php(326): CodeIgniter\CodeIgniter->handleRequest(NULL, Object(Config\Cache), false)
#8 C:\xampp-8.1.5\htdocs\ci4-deskapp-withcomposer\public\index.php(37): CodeIgniter\CodeIgniter->run()
#9 C:\xampp-8.1.5\htdocs\ci4-deskapp-withcomposer\vendor\codeigniter4\framework\system\Commands\Server\rewrite.php(43): require_once('C:\\xampp-8.1.5\\...')
#10 {main}
CRITICAL - 2022-05-11 22:24:33 --> View themes, no current section.
#0 C:\xampp-8.1.5\htdocs\ci4-deskapp-withcomposer\app\Views\dashboard.php(242): CodeIgniter\View\View->endSection()
#1 C:\xampp-8.1.5\htdocs\ci4-deskapp-withcomposer\vendor\codeigniter4\framework\system\View\View.php(210): include('C:\\xampp-8.1.5\\...')
#2 C:\xampp-8.1.5\htdocs\ci4-deskapp-withcomposer\vendor\codeigniter4\framework\system\View\View.php(213): CodeIgniter\View\View->CodeIgniter\View\{closure}()
#3 C:\xampp-8.1.5\htdocs\ci4-deskapp-withcomposer\vendor\codeigniter4\framework\system\Common.php(1089): CodeIgniter\View\View->render('dashboard', Array, true)
#4 C:\xampp-8.1.5\htdocs\ci4-deskapp-withcomposer\app\Controllers\Dashboard.php(44): view('dashboard', Array)
#5 C:\xampp-8.1.5\htdocs\ci4-deskapp-withcomposer\vendor\codeigniter4\framework\system\CodeIgniter.php(832): App\Controllers\Dashboard->index()
#6 C:\xampp-8.1.5\htdocs\ci4-deskapp-withcomposer\vendor\codeigniter4\framework\system\CodeIgniter.php(419): CodeIgniter\CodeIgniter->runController(Object(App\Controllers\Dashboard))
#7 C:\xampp-8.1.5\htdocs\ci4-deskapp-withcomposer\vendor\codeigniter4\framework\system\CodeIgniter.php(326): CodeIgniter\CodeIgniter->handleRequest(NULL, Object(Config\Cache), false)
#8 C:\xampp-8.1.5\htdocs\ci4-deskapp-withcomposer\public\index.php(37): CodeIgniter\CodeIgniter->run()
#9 C:\xampp-8.1.5\htdocs\ci4-deskapp-withcomposer\vendor\codeigniter4\framework\system\Commands\Server\rewrite.php(43): require_once('C:\\xampp-8.1.5\\...')
#10 {main}
CRITICAL - 2022-05-11 22:25:11 --> View themes, no current section.
#0 C:\xampp-8.1.5\htdocs\ci4-deskapp-withcomposer\app\Views\dashboard.php(242): CodeIgniter\View\View->endSection()
#1 C:\xampp-8.1.5\htdocs\ci4-deskapp-withcomposer\vendor\codeigniter4\framework\system\View\View.php(210): include('C:\\xampp-8.1.5\\...')
#2 C:\xampp-8.1.5\htdocs\ci4-deskapp-withcomposer\vendor\codeigniter4\framework\system\View\View.php(213): CodeIgniter\View\View->CodeIgniter\View\{closure}()
#3 C:\xampp-8.1.5\htdocs\ci4-deskapp-withcomposer\vendor\codeigniter4\framework\system\Common.php(1089): CodeIgniter\View\View->render('dashboard', Array, true)
#4 C:\xampp-8.1.5\htdocs\ci4-deskapp-withcomposer\app\Controllers\Dashboard.php(45): view('dashboard', Array)
#5 C:\xampp-8.1.5\htdocs\ci4-deskapp-withcomposer\vendor\codeigniter4\framework\system\CodeIgniter.php(832): App\Controllers\Dashboard->index()
#6 C:\xampp-8.1.5\htdocs\ci4-deskapp-withcomposer\vendor\codeigniter4\framework\system\CodeIgniter.php(419): CodeIgniter\CodeIgniter->runController(Object(App\Controllers\Dashboard))
#7 C:\xampp-8.1.5\htdocs\ci4-deskapp-withcomposer\vendor\codeigniter4\framework\system\CodeIgniter.php(326): CodeIgniter\CodeIgniter->handleRequest(NULL, Object(Config\Cache), false)
#8 C:\xampp-8.1.5\htdocs\ci4-deskapp-withcomposer\public\index.php(37): CodeIgniter\CodeIgniter->run()
#9 C:\xampp-8.1.5\htdocs\ci4-deskapp-withcomposer\vendor\codeigniter4\framework\system\Commands\Server\rewrite.php(43): require_once('C:\\xampp-8.1.5\\...')
#10 {main}
CRITICAL - 2022-05-11 22:33:25 --> Undefined variable $dataNotife
#0 C:\xampp-8.1.5\htdocs\ci4-deskapp-withcomposer\app\Views\layout\header.php(60): CodeIgniter\Debug\Exceptions->errorHandler(2, 'Undefined varia...', 'C:\\xampp-8.1.5\\...', 60)
#1 C:\xampp-8.1.5\htdocs\ci4-deskapp-withcomposer\vendor\codeigniter4\framework\system\View\View.php(210): include('C:\\xampp-8.1.5\\...')
#2 C:\xampp-8.1.5\htdocs\ci4-deskapp-withcomposer\vendor\codeigniter4\framework\system\View\View.php(213): CodeIgniter\View\View->CodeIgniter\View\{closure}()
#3 C:\xampp-8.1.5\htdocs\ci4-deskapp-withcomposer\vendor\codeigniter4\framework\system\Common.php(1089): CodeIgniter\View\View->render('layout/header', Array, true)
#4 C:\xampp-8.1.5\htdocs\ci4-deskapp-withcomposer\app\Views\layout\head.php(42): view('layout/header')
#5 C:\xampp-8.1.5\htdocs\ci4-deskapp-withcomposer\vendor\codeigniter4\framework\system\View\View.php(210): include('C:\\xampp-8.1.5\\...')
#6 C:\xampp-8.1.5\htdocs\ci4-deskapp-withcomposer\vendor\codeigniter4\framework\system\View\View.php(213): CodeIgniter\View\View->CodeIgniter\View\{closure}()
#7 C:\xampp-8.1.5\htdocs\ci4-deskapp-withcomposer\vendor\codeigniter4\framework\system\Common.php(1089): CodeIgniter\View\View->render('layout/head', Array, true)
#8 C:\xampp-8.1.5\htdocs\ci4-deskapp-withcomposer\app\Controllers\Dashboard.php(44): view('layout/head')
#9 C:\xampp-8.1.5\htdocs\ci4-deskapp-withcomposer\vendor\codeigniter4\framework\system\CodeIgniter.php(832): App\Controllers\Dashboard->index()
#10 C:\xampp-8.1.5\htdocs\ci4-deskapp-withcomposer\vendor\codeigniter4\framework\system\CodeIgniter.php(419): CodeIgniter\CodeIgniter->runController(Object(App\Controllers\Dashboard))
#11 C:\xampp-8.1.5\htdocs\ci4-deskapp-withcomposer\vendor\codeigniter4\framework\system\CodeIgniter.php(326): CodeIgniter\CodeIgniter->handleRequest(NULL, Object(Config\Cache), false)
#12 C:\xampp-8.1.5\htdocs\ci4-deskapp-withcomposer\public\index.php(37): CodeIgniter\CodeIgniter->run()
#13 C:\xampp-8.1.5\htdocs\ci4-deskapp-withcomposer\vendor\codeigniter4\framework\system\Commands\Server\rewrite.php(43): require_once('C:\\xampp-8.1.5\\...')
#14 {main}
CRITICAL - 2022-05-11 22:34:31 --> Undefined variable $dataNotife
#0 C:\xampp-8.1.5\htdocs\ci4-deskapp-withcomposer\app\Views\layout\header.php(60): CodeIgniter\Debug\Exceptions->errorHandler(2, 'Undefined varia...', 'C:\\xampp-8.1.5\\...', 60)
#1 C:\xampp-8.1.5\htdocs\ci4-deskapp-withcomposer\vendor\codeigniter4\framework\system\View\View.php(210): include('C:\\xampp-8.1.5\\...')
#2 C:\xampp-8.1.5\htdocs\ci4-deskapp-withcomposer\vendor\codeigniter4\framework\system\View\View.php(213): CodeIgniter\View\View->CodeIgniter\View\{closure}()
#3 C:\xampp-8.1.5\htdocs\ci4-deskapp-withcomposer\vendor\codeigniter4\framework\system\Common.php(1089): CodeIgniter\View\View->render('layout/header', Array, true)
#4 C:\xampp-8.1.5\htdocs\ci4-deskapp-withcomposer\app\Controllers\Dashboard.php(45): view('layout/header')
#5 C:\xampp-8.1.5\htdocs\ci4-deskapp-withcomposer\vendor\codeigniter4\framework\system\CodeIgniter.php(832): App\Controllers\Dashboard->index()
#6 C:\xampp-8.1.5\htdocs\ci4-deskapp-withcomposer\vendor\codeigniter4\framework\system\CodeIgniter.php(419): CodeIgniter\CodeIgniter->runController(Object(App\Controllers\Dashboard))
#7 C:\xampp-8.1.5\htdocs\ci4-deskapp-withcomposer\vendor\codeigniter4\framework\system\CodeIgniter.php(326): CodeIgniter\CodeIgniter->handleRequest(NULL, Object(Config\Cache), false)
#8 C:\xampp-8.1.5\htdocs\ci4-deskapp-withcomposer\public\index.php(37): CodeIgniter\CodeIgniter->run()
#9 C:\xampp-8.1.5\htdocs\ci4-deskapp-withcomposer\vendor\codeigniter4\framework\system\Commands\Server\rewrite.php(43): require_once('C:\\xampp-8.1.5\\...')
#10 {main}
CRITICAL - 2022-05-11 22:34:56 --> Undefined variable $dataNotife
#0 C:\xampp-8.1.5\htdocs\ci4-deskapp-withcomposer\app\Views\layout\header.php(60): CodeIgniter\Debug\Exceptions->errorHandler(2, 'Undefined varia...', 'C:\\xampp-8.1.5\\...', 60)
#1 C:\xampp-8.1.5\htdocs\ci4-deskapp-withcomposer\vendor\codeigniter4\framework\system\View\View.php(210): include('C:\\xampp-8.1.5\\...')
#2 C:\xampp-8.1.5\htdocs\ci4-deskapp-withcomposer\vendor\codeigniter4\framework\system\View\View.php(213): CodeIgniter\View\View->CodeIgniter\View\{closure}()
#3 C:\xampp-8.1.5\htdocs\ci4-deskapp-withcomposer\vendor\codeigniter4\framework\system\Common.php(1089): CodeIgniter\View\View->render('layout/header', Array, true)
#4 C:\xampp-8.1.5\htdocs\ci4-deskapp-withcomposer\app\Controllers\Dashboard.php(45): view('layout/header')
#5 C:\xampp-8.1.5\htdocs\ci4-deskapp-withcomposer\vendor\codeigniter4\framework\system\CodeIgniter.php(832): App\Controllers\Dashboard->index()
#6 C:\xampp-8.1.5\htdocs\ci4-deskapp-withcomposer\vendor\codeigniter4\framework\system\CodeIgniter.php(419): CodeIgniter\CodeIgniter->runController(Object(App\Controllers\Dashboard))
#7 C:\xampp-8.1.5\htdocs\ci4-deskapp-withcomposer\vendor\codeigniter4\framework\system\CodeIgniter.php(326): CodeIgniter\CodeIgniter->handleRequest(NULL, Object(Config\Cache), false)
#8 C:\xampp-8.1.5\htdocs\ci4-deskapp-withcomposer\public\index.php(37): CodeIgniter\CodeIgniter->run()
#9 C:\xampp-8.1.5\htdocs\ci4-deskapp-withcomposer\vendor\codeigniter4\framework\system\Commands\Server\rewrite.php(43): require_once('C:\\xampp-8.1.5\\...')
#10 {main}
CRITICAL - 2022-05-11 22:35:33 --> Undefined variable $dataNotife
#0 C:\xampp-8.1.5\htdocs\ci4-deskapp-withcomposer\app\Views\layout\header.php(60): CodeIgniter\Debug\Exceptions->errorHandler(2, 'Undefined varia...', 'C:\\xampp-8.1.5\\...', 60)
#1 C:\xampp-8.1.5\htdocs\ci4-deskapp-withcomposer\vendor\codeigniter4\framework\system\View\View.php(210): include('C:\\xampp-8.1.5\\...')
#2 C:\xampp-8.1.5\htdocs\ci4-deskapp-withcomposer\vendor\codeigniter4\framework\system\View\View.php(213): CodeIgniter\View\View->CodeIgniter\View\{closure}()
#3 C:\xampp-8.1.5\htdocs\ci4-deskapp-withcomposer\vendor\codeigniter4\framework\system\Common.php(1089): CodeIgniter\View\View->render('layout/header', Array, true)
#4 C:\xampp-8.1.5\htdocs\ci4-deskapp-withcomposer\app\Views\layout\head.php(42): view('layout/header')
#5 C:\xampp-8.1.5\htdocs\ci4-deskapp-withcomposer\vendor\codeigniter4\framework\system\View\View.php(210): include('C:\\xampp-8.1.5\\...')
#6 C:\xampp-8.1.5\htdocs\ci4-deskapp-withcomposer\vendor\codeigniter4\framework\system\View\View.php(213): CodeIgniter\View\View->CodeIgniter\View\{closure}()
#7 C:\xampp-8.1.5\htdocs\ci4-deskapp-withcomposer\vendor\codeigniter4\framework\system\Common.php(1089): CodeIgniter\View\View->render('layout/head', Array, true)
#8 C:\xampp-8.1.5\htdocs\ci4-deskapp-withcomposer\app\Controllers\Dashboard.php(44): view('layout/head')
#9 C:\xampp-8.1.5\htdocs\ci4-deskapp-withcomposer\vendor\codeigniter4\framework\system\CodeIgniter.php(832): App\Controllers\Dashboard->index()
#10 C:\xampp-8.1.5\htdocs\ci4-deskapp-withcomposer\vendor\codeigniter4\framework\system\CodeIgniter.php(419): CodeIgniter\CodeIgniter->runController(Object(App\Controllers\Dashboard))
#11 C:\xampp-8.1.5\htdocs\ci4-deskapp-withcomposer\vendor\codeigniter4\framework\system\CodeIgniter.php(326): CodeIgniter\CodeIgniter->handleRequest(NULL, Object(Config\Cache), false)
#12 C:\xampp-8.1.5\htdocs\ci4-deskapp-withcomposer\public\index.php(37): CodeIgniter\CodeIgniter->run()
#13 C:\xampp-8.1.5\htdocs\ci4-deskapp-withcomposer\vendor\codeigniter4\framework\system\Commands\Server\rewrite.php(43): require_once('C:\\xampp-8.1.5\\...')
#14 {main}
CRITICAL - 2022-05-11 22:35:56 --> include(header): Failed to open stream: No such file or directory
#0 C:\xampp-8.1.5\htdocs\ci4-deskapp-withcomposer\app\Views\layout\head.php(42): CodeIgniter\Debug\Exceptions->errorHandler(2, 'include(header)...', 'C:\\xampp-8.1.5\\...', 42)
#1 C:\xampp-8.1.5\htdocs\ci4-deskapp-withcomposer\app\Views\layout\head.php(42): include()
#2 C:\xampp-8.1.5\htdocs\ci4-deskapp-withcomposer\vendor\codeigniter4\framework\system\View\View.php(210): include('C:\\xampp-8.1.5\\...')
#3 C:\xampp-8.1.5\htdocs\ci4-deskapp-withcomposer\vendor\codeigniter4\framework\system\View\View.php(213): CodeIgniter\View\View->CodeIgniter\View\{closure}()
#4 C:\xampp-8.1.5\htdocs\ci4-deskapp-withcomposer\vendor\codeigniter4\framework\system\Common.php(1089): CodeIgniter\View\View->render('layout/head', Array, true)
#5 C:\xampp-8.1.5\htdocs\ci4-deskapp-withcomposer\app\Controllers\Dashboard.php(44): view('layout/head')
#6 C:\xampp-8.1.5\htdocs\ci4-deskapp-withcomposer\vendor\codeigniter4\framework\system\CodeIgniter.php(832): App\Controllers\Dashboard->index()
#7 C:\xampp-8.1.5\htdocs\ci4-deskapp-withcomposer\vendor\codeigniter4\framework\system\CodeIgniter.php(419): CodeIgniter\CodeIgniter->runController(Object(App\Controllers\Dashboard))
#8 C:\xampp-8.1.5\htdocs\ci4-deskapp-withcomposer\vendor\codeigniter4\framework\system\CodeIgniter.php(326): CodeIgniter\CodeIgniter->handleRequest(NULL, Object(Config\Cache), false)
#9 C:\xampp-8.1.5\htdocs\ci4-deskapp-withcomposer\public\index.php(37): CodeIgniter\CodeIgniter->run()
#10 C:\xampp-8.1.5\htdocs\ci4-deskapp-withcomposer\vendor\codeigniter4\framework\system\Commands\Server\rewrite.php(43): require_once('C:\\xampp-8.1.5\\...')
#11 {main}
CRITICAL - 2022-05-11 22:36:16 --> include(./header): Failed to open stream: No such file or directory
#0 C:\xampp-8.1.5\htdocs\ci4-deskapp-withcomposer\app\Views\layout\head.php(42): CodeIgniter\Debug\Exceptions->errorHandler(2, 'include(./heade...', 'C:\\xampp-8.1.5\\...', 42)
#1 C:\xampp-8.1.5\htdocs\ci4-deskapp-withcomposer\app\Views\layout\head.php(42): include()
#2 C:\xampp-8.1.5\htdocs\ci4-deskapp-withcomposer\vendor\codeigniter4\framework\system\View\View.php(210): include('C:\\xampp-8.1.5\\...')
#3 C:\xampp-8.1.5\htdocs\ci4-deskapp-withcomposer\vendor\codeigniter4\framework\system\View\View.php(213): CodeIgniter\View\View->CodeIgniter\View\{closure}()
#4 C:\xampp-8.1.5\htdocs\ci4-deskapp-withcomposer\vendor\codeigniter4\framework\system\Common.php(1089): CodeIgniter\View\View->render('layout/head', Array, true)
#5 C:\xampp-8.1.5\htdocs\ci4-deskapp-withcomposer\app\Controllers\Dashboard.php(44): view('layout/head')
#6 C:\xampp-8.1.5\htdocs\ci4-deskapp-withcomposer\vendor\codeigniter4\framework\system\CodeIgniter.php(832): App\Controllers\Dashboard->index()
#7 C:\xampp-8.1.5\htdocs\ci4-deskapp-withcomposer\vendor\codeigniter4\framework\system\CodeIgniter.php(419): CodeIgniter\CodeIgniter->runController(Object(App\Controllers\Dashboard))
#8 C:\xampp-8.1.5\htdocs\ci4-deskapp-withcomposer\vendor\codeigniter4\framework\system\CodeIgniter.php(326): CodeIgniter\CodeIgniter->handleRequest(NULL, Object(Config\Cache), false)
#9 C:\xampp-8.1.5\htdocs\ci4-deskapp-withcomposer\public\index.php(37): CodeIgniter\CodeIgniter->run()
#10 C:\xampp-8.1.5\htdocs\ci4-deskapp-withcomposer\vendor\codeigniter4\framework\system\Commands\Server\rewrite.php(43): require_once('C:\\xampp-8.1.5\\...')
#11 {main}
CRITICAL - 2022-05-11 22:36:26 --> include(./header): Failed to open stream: No such file or directory
#0 C:\xampp-8.1.5\htdocs\ci4-deskapp-withcomposer\app\Views\layout\head.php(42): CodeIgniter\Debug\Exceptions->errorHandler(2, 'include(./heade...', 'C:\\xampp-8.1.5\\...', 42)
#1 C:\xampp-8.1.5\htdocs\ci4-deskapp-withcomposer\app\Views\layout\head.php(42): include()
#2 C:\xampp-8.1.5\htdocs\ci4-deskapp-withcomposer\vendor\codeigniter4\framework\system\View\View.php(210): include('C:\\xampp-8.1.5\\...')
#3 C:\xampp-8.1.5\htdocs\ci4-deskapp-withcomposer\vendor\codeigniter4\framework\system\View\View.php(213): CodeIgniter\View\View->CodeIgniter\View\{closure}()
#4 C:\xampp-8.1.5\htdocs\ci4-deskapp-withcomposer\vendor\codeigniter4\framework\system\Common.php(1089): CodeIgniter\View\View->render('layout/head', Array, true)
#5 C:\xampp-8.1.5\htdocs\ci4-deskapp-withcomposer\app\Controllers\Dashboard.php(44): view('layout/head')
#6 C:\xampp-8.1.5\htdocs\ci4-deskapp-withcomposer\vendor\codeigniter4\framework\system\CodeIgniter.php(832): App\Controllers\Dashboard->index()
#7 C:\xampp-8.1.5\htdocs\ci4-deskapp-withcomposer\vendor\codeigniter4\framework\system\CodeIgniter.php(419): CodeIgniter\CodeIgniter->runController(Object(App\Controllers\Dashboard))
#8 C:\xampp-8.1.5\htdocs\ci4-deskapp-withcomposer\vendor\codeigniter4\framework\system\CodeIgniter.php(326): CodeIgniter\CodeIgniter->handleRequest(NULL, Object(Config\Cache), false)
#9 C:\xampp-8.1.5\htdocs\ci4-deskapp-withcomposer\public\index.php(37): CodeIgniter\CodeIgniter->run()
#10 C:\xampp-8.1.5\htdocs\ci4-deskapp-withcomposer\vendor\codeigniter4\framework\system\Commands\Server\rewrite.php(43): require_once('C:\\xampp-8.1.5\\...')
#11 {main}
CRITICAL - 2022-05-11 22:36:32 --> include(./header): Failed to open stream: No such file or directory
#0 C:\xampp-8.1.5\htdocs\ci4-deskapp-withcomposer\app\Views\layout\head.php(42): CodeIgniter\Debug\Exceptions->errorHandler(2, 'include(./heade...', 'C:\\xampp-8.1.5\\...', 42)
#1 C:\xampp-8.1.5\htdocs\ci4-deskapp-withcomposer\app\Views\layout\head.php(42): include()
#2 C:\xampp-8.1.5\htdocs\ci4-deskapp-withcomposer\vendor\codeigniter4\framework\system\View\View.php(210): include('C:\\xampp-8.1.5\\...')
#3 C:\xampp-8.1.5\htdocs\ci4-deskapp-withcomposer\vendor\codeigniter4\framework\system\View\View.php(213): CodeIgniter\View\View->CodeIgniter\View\{closure}()
#4 C:\xampp-8.1.5\htdocs\ci4-deskapp-withcomposer\vendor\codeigniter4\framework\system\Common.php(1089): CodeIgniter\View\View->render('layout/head', Array, true)
#5 C:\xampp-8.1.5\htdocs\ci4-deskapp-withcomposer\app\Controllers\Dashboard.php(44): view('layout/head')
#6 C:\xampp-8.1.5\htdocs\ci4-deskapp-withcomposer\vendor\codeigniter4\framework\system\CodeIgniter.php(832): App\Controllers\Dashboard->index()
#7 C:\xampp-8.1.5\htdocs\ci4-deskapp-withcomposer\vendor\codeigniter4\framework\system\CodeIgniter.php(419): CodeIgniter\CodeIgniter->runController(Object(App\Controllers\Dashboard))
#8 C:\xampp-8.1.5\htdocs\ci4-deskapp-withcomposer\vendor\codeigniter4\framework\system\CodeIgniter.php(326): CodeIgniter\CodeIgniter->handleRequest(NULL, Object(Config\Cache), false)
#9 C:\xampp-8.1.5\htdocs\ci4-deskapp-withcomposer\public\index.php(37): CodeIgniter\CodeIgniter->run()
#10 C:\xampp-8.1.5\htdocs\ci4-deskapp-withcomposer\vendor\codeigniter4\framework\system\Commands\Server\rewrite.php(43): require_once('C:\\xampp-8.1.5\\...')
#11 {main}
CRITICAL - 2022-05-11 22:44:00 --> include(./header): Failed to open stream: No such file or directory
#0 C:\xampp-8.1.5\htdocs\ci4-deskapp-withcomposer\app\Views\layout\head.php(42): CodeIgniter\Debug\Exceptions->errorHandler(2, 'include(./heade...', 'C:\\xampp-8.1.5\\...', 42)
#1 C:\xampp-8.1.5\htdocs\ci4-deskapp-withcomposer\app\Views\layout\head.php(42): include()
#2 C:\xampp-8.1.5\htdocs\ci4-deskapp-withcomposer\vendor\codeigniter4\framework\system\View\View.php(210): include('C:\\xampp-8.1.5\\...')
#3 C:\xampp-8.1.5\htdocs\ci4-deskapp-withcomposer\vendor\codeigniter4\framework\system\View\View.php(213): CodeIgniter\View\View->CodeIgniter\View\{closure}()
#4 C:\xampp-8.1.5\htdocs\ci4-deskapp-withcomposer\vendor\codeigniter4\framework\system\Common.php(1089): CodeIgniter\View\View->render('layout/head', Array, true)
#5 C:\xampp-8.1.5\htdocs\ci4-deskapp-withcomposer\app\Controllers\Dashboard.php(44): view('layout/head')
#6 C:\xampp-8.1.5\htdocs\ci4-deskapp-withcomposer\vendor\codeigniter4\framework\system\CodeIgniter.php(832): App\Controllers\Dashboard->index()
#7 C:\xampp-8.1.5\htdocs\ci4-deskapp-withcomposer\vendor\codeigniter4\framework\system\CodeIgniter.php(419): CodeIgniter\CodeIgniter->runController(Object(App\Controllers\Dashboard))
#8 C:\xampp-8.1.5\htdocs\ci4-deskapp-withcomposer\vendor\codeigniter4\framework\system\CodeIgniter.php(326): CodeIgniter\CodeIgniter->handleRequest(NULL, Object(Config\Cache), false)
#9 C:\xampp-8.1.5\htdocs\ci4-deskapp-withcomposer\public\index.php(37): CodeIgniter\CodeIgniter->run()
#10 C:\xampp-8.1.5\htdocs\ci4-deskapp-withcomposer\vendor\codeigniter4\framework\system\Commands\Server\rewrite.php(43): require_once('C:\\xampp-8.1.5\\...')
#11 {main}
CRITICAL - 2022-05-11 22:47:07 --> Undefined variable $dataNotife
#0 C:\xampp-8.1.5\htdocs\ci4-deskapp-withcomposer\app\Views\layout\header.php(60): CodeIgniter\Debug\Exceptions->errorHandler(2, 'Undefined varia...', 'C:\\xampp-8.1.5\\...', 60)
#1 C:\xampp-8.1.5\htdocs\ci4-deskapp-withcomposer\vendor\codeigniter4\framework\system\View\View.php(210): include('C:\\xampp-8.1.5\\...')
#2 C:\xampp-8.1.5\htdocs\ci4-deskapp-withcomposer\vendor\codeigniter4\framework\system\View\View.php(213): CodeIgniter\View\View->CodeIgniter\View\{closure}()
#3 C:\xampp-8.1.5\htdocs\ci4-deskapp-withcomposer\vendor\codeigniter4\framework\system\Common.php(1089): CodeIgniter\View\View->render('layout/header', Array, true)
#4 C:\xampp-8.1.5\htdocs\ci4-deskapp-withcomposer\app\Controllers\Dashboard.php(45): view('layout/header')
#5 C:\xampp-8.1.5\htdocs\ci4-deskapp-withcomposer\vendor\codeigniter4\framework\system\CodeIgniter.php(832): App\Controllers\Dashboard->index()
#6 C:\xampp-8.1.5\htdocs\ci4-deskapp-withcomposer\vendor\codeigniter4\framework\system\CodeIgniter.php(419): CodeIgniter\CodeIgniter->runController(Object(App\Controllers\Dashboard))
#7 C:\xampp-8.1.5\htdocs\ci4-deskapp-withcomposer\vendor\codeigniter4\framework\system\CodeIgniter.php(326): CodeIgniter\CodeIgniter->handleRequest(NULL, Object(Config\Cache), false)
#8 C:\xampp-8.1.5\htdocs\ci4-deskapp-withcomposer\public\index.php(37): CodeIgniter\CodeIgniter->run()
#9 C:\xampp-8.1.5\htdocs\ci4-deskapp-withcomposer\vendor\codeigniter4\framework\system\Commands\Server\rewrite.php(43): require_once('C:\\xampp-8.1.5\\...')
#10 {main}
CRITICAL - 2022-05-11 22:48:21 --> Undefined variable $dataNotife
#0 C:\xampp-8.1.5\htdocs\ci4-deskapp-withcomposer\app\Views\layout\header.php(60): CodeIgniter\Debug\Exceptions->errorHandler(2, 'Undefined varia...', 'C:\\xampp-8.1.5\\...', 60)
#1 C:\xampp-8.1.5\htdocs\ci4-deskapp-withcomposer\vendor\codeigniter4\framework\system\View\View.php(210): include('C:\\xampp-8.1.5\\...')
#2 C:\xampp-8.1.5\htdocs\ci4-deskapp-withcomposer\vendor\codeigniter4\framework\system\View\View.php(213): CodeIgniter\View\View->CodeIgniter\View\{closure}()
#3 C:\xampp-8.1.5\htdocs\ci4-deskapp-withcomposer\vendor\codeigniter4\framework\system\Common.php(1089): CodeIgniter\View\View->render('layout/header', Array, true)
#4 C:\xampp-8.1.5\htdocs\ci4-deskapp-withcomposer\app\Controllers\Dashboard.php(87): view('layout/header')
#5 C:\xampp-8.1.5\htdocs\ci4-deskapp-withcomposer\vendor\codeigniter4\framework\system\CodeIgniter.php(832): App\Controllers\Dashboard->dashboard_style2()
#6 C:\xampp-8.1.5\htdocs\ci4-deskapp-withcomposer\vendor\codeigniter4\framework\system\CodeIgniter.php(419): CodeIgniter\CodeIgniter->runController(Object(App\Controllers\Dashboard))
#7 C:\xampp-8.1.5\htdocs\ci4-deskapp-withcomposer\vendor\codeigniter4\framework\system\CodeIgniter.php(326): CodeIgniter\CodeIgniter->handleRequest(NULL, Object(Config\Cache), false)
#8 C:\xampp-8.1.5\htdocs\ci4-deskapp-withcomposer\public\index.php(37): CodeIgniter\CodeIgniter->run()
#9 C:\xampp-8.1.5\htdocs\ci4-deskapp-withcomposer\vendor\codeigniter4\framework\system\Commands\Server\rewrite.php(43): require_once('C:\\xampp-8.1.5\\...')
#10 {main}
CRITICAL - 2022-05-11 23:18:20 --> You must set the database table to be used with your query.
#0 C:\xampp-8.1.5\htdocs\ci4-deskapp-withcomposer\vendor\codeigniter4\framework\system\Model.php(545): CodeIgniter\Database\BaseConnection->table(NULL)
#1 C:\xampp-8.1.5\htdocs\ci4-deskapp-withcomposer\vendor\codeigniter4\framework\system\Model.php(722): CodeIgniter\Model->builder()
#2 C:\xampp-8.1.5\htdocs\ci4-deskapp-withcomposer\app\Controllers\Dashboard.php(15): CodeIgniter\Model->__call('getDate', Array)
#3 C:\xampp-8.1.5\htdocs\ci4-deskapp-withcomposer\vendor\codeigniter4\framework\system\CodeIgniter.php(832): App\Controllers\Dashboard->index()
#4 C:\xampp-8.1.5\htdocs\ci4-deskapp-withcomposer\vendor\codeigniter4\framework\system\CodeIgniter.php(419): CodeIgniter\CodeIgniter->runController(Object(App\Controllers\Dashboard))
#5 C:\xampp-8.1.5\htdocs\ci4-deskapp-withcomposer\vendor\codeigniter4\framework\system\CodeIgniter.php(326): CodeIgniter\CodeIgniter->handleRequest(NULL, Object(Config\Cache), false)
#6 C:\xampp-8.1.5\htdocs\ci4-deskapp-withcomposer\public\index.php(37): CodeIgniter\CodeIgniter->run()
#7 C:\xampp-8.1.5\htdocs\ci4-deskapp-withcomposer\vendor\codeigniter4\framework\system\Commands\Server\rewrite.php(43): require_once('C:\\xampp-8.1.5\\...')
#8 {main}
CRITICAL - 2022-05-11 23:18:47 --> Attempt to read property "result" on array
#0 C:\xampp-8.1.5\htdocs\ci4-deskapp-withcomposer\app\Models\M_notife.php(46): CodeIgniter\Debug\Exceptions->errorHandler(2, 'Attempt to read...', 'C:\\xampp-8.1.5\\...', 46)
#1 C:\xampp-8.1.5\htdocs\ci4-deskapp-withcomposer\app\Controllers\Dashboard.php(12): App\Models\M_notife->getData()
#2 C:\xampp-8.1.5\htdocs\ci4-deskapp-withcomposer\vendor\codeigniter4\framework\system\CodeIgniter.php(832): App\Controllers\Dashboard->index()
#3 C:\xampp-8.1.5\htdocs\ci4-deskapp-withcomposer\vendor\codeigniter4\framework\system\CodeIgniter.php(419): CodeIgniter\CodeIgniter->runController(Object(App\Controllers\Dashboard))
#4 C:\xampp-8.1.5\htdocs\ci4-deskapp-withcomposer\vendor\codeigniter4\framework\system\CodeIgniter.php(326): CodeIgniter\CodeIgniter->handleRequest(NULL, Object(Config\Cache), false)
#5 C:\xampp-8.1.5\htdocs\ci4-deskapp-withcomposer\public\index.php(37): CodeIgniter\CodeIgniter->run()
#6 C:\xampp-8.1.5\htdocs\ci4-deskapp-withcomposer\vendor\codeigniter4\framework\system\Commands\Server\rewrite.php(43): require_once('C:\\xampp-8.1.5\\...')
#7 {main}
CRITICAL - 2022-05-11 23:47:04 --> Undefined variable $data
#0 C:\xampp-8.1.5\htdocs\ci4-deskapp-withcomposer\app\Models\M_notife.php(44): CodeIgniter\Debug\Exceptions->errorHandler(2, 'Undefined varia...', 'C:\\xampp-8.1.5\\...', 44)
#1 C:\xampp-8.1.5\htdocs\ci4-deskapp-withcomposer\app\Controllers\Dashboard.php(34): App\Models\M_notife->getData()
#2 C:\xampp-8.1.5\htdocs\ci4-deskapp-withcomposer\vendor\codeigniter4\framework\system\CodeIgniter.php(832): App\Controllers\Dashboard->dashboard_style3()
#3 C:\xampp-8.1.5\htdocs\ci4-deskapp-withcomposer\vendor\codeigniter4\framework\system\CodeIgniter.php(419): CodeIgniter\CodeIgniter->runController(Object(App\Controllers\Dashboard))
#4 C:\xampp-8.1.5\htdocs\ci4-deskapp-withcomposer\vendor\codeigniter4\framework\system\CodeIgniter.php(326): CodeIgniter\CodeIgniter->handleRequest(NULL, Object(Config\Cache), false)
#5 C:\xampp-8.1.5\htdocs\ci4-deskapp-withcomposer\public\index.php(37): CodeIgniter\CodeIgniter->run()
#6 C:\xampp-8.1.5\htdocs\ci4-deskapp-withcomposer\vendor\codeigniter4\framework\system\Commands\Server\rewrite.php(43): require_once('C:\\xampp-8.1.5\\...')
#7 {main}
CRITICAL - 2022-05-11 23:47:56 --> Undefined variable $dataNotife
#0 C:\xampp-8.1.5\htdocs\ci4-deskapp-withcomposer\app\Views\layout\header.php(60): CodeIgniter\Debug\Exceptions->errorHandler(2, 'Undefined varia...', 'C:\\xampp-8.1.5\\...', 60)
#1 C:\xampp-8.1.5\htdocs\ci4-deskapp-withcomposer\vendor\codeigniter4\framework\system\View\View.php(210): include('C:\\xampp-8.1.5\\...')
#2 C:\xampp-8.1.5\htdocs\ci4-deskapp-withcomposer\vendor\codeigniter4\framework\system\View\View.php(213): CodeIgniter\View\View->CodeIgniter\View\{closure}()
#3 C:\xampp-8.1.5\htdocs\ci4-deskapp-withcomposer\vendor\codeigniter4\framework\system\Common.php(1089): CodeIgniter\View\View->render('layout/header', Array, true)
#4 C:\xampp-8.1.5\htdocs\ci4-deskapp-withcomposer\app\Views\dashboard.php(2): view('layout/header')
#5 C:\xampp-8.1.5\htdocs\ci4-deskapp-withcomposer\vendor\codeigniter4\framework\system\View\View.php(210): include('C:\\xampp-8.1.5\\...')
#6 C:\xampp-8.1.5\htdocs\ci4-deskapp-withcomposer\vendor\codeigniter4\framework\system\View\View.php(213): CodeIgniter\View\View->CodeIgniter\View\{closure}()
#7 C:\xampp-8.1.5\htdocs\ci4-deskapp-withcomposer\vendor\codeigniter4\framework\system\Common.php(1089): CodeIgniter\View\View->render('dashboard', Array, true)
#8 C:\xampp-8.1.5\htdocs\ci4-deskapp-withcomposer\app\Controllers\Dashboard.php(14): view('dashboard', Array)
#9 C:\xampp-8.1.5\htdocs\ci4-deskapp-withcomposer\vendor\codeigniter4\framework\system\CodeIgniter.php(832): App\Controllers\Dashboard->index()
#10 C:\xampp-8.1.5\htdocs\ci4-deskapp-withcomposer\vendor\codeigniter4\framework\system\CodeIgniter.php(419): CodeIgniter\CodeIgniter->runController(Object(App\Controllers\Dashboard))
#11 C:\xampp-8.1.5\htdocs\ci4-deskapp-withcomposer\vendor\codeigniter4\framework\system\CodeIgniter.php(326): CodeIgniter\CodeIgniter->handleRequest(NULL, Object(Config\Cache), false)
#12 C:\xampp-8.1.5\htdocs\ci4-deskapp-withcomposer\public\index.php(37): CodeIgniter\CodeIgniter->run()
#13 C:\xampp-8.1.5\htdocs\ci4-deskapp-withcomposer\vendor\codeigniter4\framework\system\Commands\Server\rewrite.php(43): require_once('C:\\xampp-8.1.5\\...')
#14 {main}
