CRITICAL - 2022-05-12 01:19:10 --> count(): Argument #1 ($value) must be of type Countable|array, null given
#0 C:\xampp-8.1.5\htdocs\ci4-deskapp-withcomposer\vendor\codeigniter4\framework\system\View\View.php(210): include()
#1 C:\xampp-8.1.5\htdocs\ci4-deskapp-withcomposer\vendor\codeigniter4\framework\system\View\View.php(213): CodeIgniter\View\View->CodeIgniter\View\{closure}()
#2 C:\xampp-8.1.5\htdocs\ci4-deskapp-withcomposer\vendor\codeigniter4\framework\system\Common.php(1089): CodeIgniter\View\View->render('layout/header', Array, true)
#3 C:\xampp-8.1.5\htdocs\ci4-deskapp-withcomposer\app\Views\dashboard.php(2): view('layout/header')
#4 C:\xampp-8.1.5\htdocs\ci4-deskapp-withcomposer\vendor\codeigniter4\framework\system\View\View.php(210): include('C:\\xampp-8.1.5\\...')
#5 C:\xampp-8.1.5\htdocs\ci4-deskapp-withcomposer\vendor\codeigniter4\framework\system\View\View.php(213): CodeIgniter\View\View->CodeIgniter\View\{closure}()
#6 C:\xampp-8.1.5\htdocs\ci4-deskapp-withcomposer\vendor\codeigniter4\framework\system\Common.php(1089): CodeIgniter\View\View->render('dashboard', Array, true)
#7 C:\xampp-8.1.5\htdocs\ci4-deskapp-withcomposer\app\Controllers\Dashboard.php(14): view('dashboard', Array)
#8 C:\xampp-8.1.5\htdocs\ci4-deskapp-withcomposer\vendor\codeigniter4\framework\system\CodeIgniter.php(832): App\Controllers\Dashboard->index()
#9 C:\xampp-8.1.5\htdocs\ci4-deskapp-withcomposer\vendor\codeigniter4\framework\system\CodeIgniter.php(419): CodeIgniter\CodeIgniter->runController(Object(App\Controllers\Dashboard))
#10 C:\xampp-8.1.5\htdocs\ci4-deskapp-withcomposer\vendor\codeigniter4\framework\system\CodeIgniter.php(326): CodeIgniter\CodeIgniter->handleRequest(NULL, Object(Config\Cache), false)
#11 C:\xampp-8.1.5\htdocs\ci4-deskapp-withcomposer\public\index.php(37): CodeIgniter\CodeIgniter->run()
#12 C:\xampp-8.1.5\htdocs\ci4-deskapp-withcomposer\vendor\codeigniter4\framework\system\Commands\Server\rewrite.php(43): require_once('C:\\xampp-8.1.5\\...')
#13 {main}
CRITICAL - 2022-05-12 01:31:14 --> Invalid file: pages/dashboard.php
#0 C:\xampp-8.1.5\htdocs\ci4-deskapp-withcomposer\vendor\codeigniter4\framework\system\View\View.php(198): CodeIgniter\Exceptions\FrameworkException::forInvalidFile('pages/dashboard...')
#1 C:\xampp-8.1.5\htdocs\ci4-deskapp-withcomposer\vendor\codeigniter4\framework\system\Common.php(1089): CodeIgniter\View\View->render('pages/dashboard', Array, true)
#2 C:\xampp-8.1.5\htdocs\ci4-deskapp-withcomposer\app\Controllers\Dashboard.php(24): view('pages/dashboard', Array)
#3 C:\xampp-8.1.5\htdocs\ci4-deskapp-withcomposer\vendor\codeigniter4\framework\system\CodeIgniter.php(832): App\Controllers\Dashboard->index()
#4 C:\xampp-8.1.5\htdocs\ci4-deskapp-withcomposer\vendor\codeigniter4\framework\system\CodeIgniter.php(419): CodeIgniter\CodeIgniter->runController(Object(App\Controllers\Dashboard))
#5 C:\xampp-8.1.5\htdocs\ci4-deskapp-withcomposer\vendor\codeigniter4\framework\system\CodeIgniter.php(326): CodeIgniter\CodeIgniter->handleRequest(NULL, Object(Config\Cache), false)
#6 C:\xampp-8.1.5\htdocs\ci4-deskapp-withcomposer\public\index.php(37): CodeIgniter\CodeIgniter->run()
#7 C:\xampp-8.1.5\htdocs\ci4-deskapp-withcomposer\vendor\codeigniter4\framework\system\Commands\Server\rewrite.php(43): require_once('C:\\xampp-8.1.5\\...')
#8 {main}
CRITICAL - 2022-05-12 01:32:24 --> View themes, no current section.
#0 C:\xampp-8.1.5\htdocs\ci4-deskapp-withcomposer\app\Views\pages\dashboard_style1.php(240): CodeIgniter\View\View->endSection()
#1 C:\xampp-8.1.5\htdocs\ci4-deskapp-withcomposer\vendor\codeigniter4\framework\system\View\View.php(210): include('C:\\xampp-8.1.5\\...')
#2 C:\xampp-8.1.5\htdocs\ci4-deskapp-withcomposer\vendor\codeigniter4\framework\system\View\View.php(213): CodeIgniter\View\View->CodeIgniter\View\{closure}()
#3 C:\xampp-8.1.5\htdocs\ci4-deskapp-withcomposer\vendor\codeigniter4\framework\system\Common.php(1089): CodeIgniter\View\View->render('pages/dashboard...', Array, true)
#4 C:\xampp-8.1.5\htdocs\ci4-deskapp-withcomposer\app\Controllers\Dashboard.php(24): view('pages/dashboard...', Array)
#5 C:\xampp-8.1.5\htdocs\ci4-deskapp-withcomposer\vendor\codeigniter4\framework\system\CodeIgniter.php(832): App\Controllers\Dashboard->index()
#6 C:\xampp-8.1.5\htdocs\ci4-deskapp-withcomposer\vendor\codeigniter4\framework\system\CodeIgniter.php(419): CodeIgniter\CodeIgniter->runController(Object(App\Controllers\Dashboard))
#7 C:\xampp-8.1.5\htdocs\ci4-deskapp-withcomposer\vendor\codeigniter4\framework\system\CodeIgniter.php(326): CodeIgniter\CodeIgniter->handleRequest(NULL, Object(Config\Cache), false)
#8 C:\xampp-8.1.5\htdocs\ci4-deskapp-withcomposer\public\index.php(37): CodeIgniter\CodeIgniter->run()
#9 C:\xampp-8.1.5\htdocs\ci4-deskapp-withcomposer\vendor\codeigniter4\framework\system\Commands\Server\rewrite.php(43): require_once('C:\\xampp-8.1.5\\...')
#10 {main}
CRITICAL - 2022-05-12 01:39:53 --> count(): Argument #1 ($value) must be of type Countable|array, null given
#0 C:\xampp-8.1.5\htdocs\ci4-deskapp-withcomposer\vendor\codeigniter4\framework\system\View\View.php(210): include()
#1 C:\xampp-8.1.5\htdocs\ci4-deskapp-withcomposer\vendor\codeigniter4\framework\system\View\View.php(213): CodeIgniter\View\View->CodeIgniter\View\{closure}()
#2 C:\xampp-8.1.5\htdocs\ci4-deskapp-withcomposer\vendor\codeigniter4\framework\system\Common.php(1089): CodeIgniter\View\View->render('layout/header', Array, true)
#3 C:\xampp-8.1.5\htdocs\ci4-deskapp-withcomposer\app\Views\layout\head.php(65): view('layout/header')
#4 C:\xampp-8.1.5\htdocs\ci4-deskapp-withcomposer\vendor\codeigniter4\framework\system\View\View.php(210): include('C:\\xampp-8.1.5\\...')
#5 C:\xampp-8.1.5\htdocs\ci4-deskapp-withcomposer\vendor\codeigniter4\framework\system\View\View.php(213): CodeIgniter\View\View->CodeIgniter\View\{closure}()
#6 C:\xampp-8.1.5\htdocs\ci4-deskapp-withcomposer\vendor\codeigniter4\framework\system\Common.php(1089): CodeIgniter\View\View->render('layout/head', Array, true)
#7 C:\xampp-8.1.5\htdocs\ci4-deskapp-withcomposer\app\Controllers\Dashboard.php(41): view('layout/head')
#8 C:\xampp-8.1.5\htdocs\ci4-deskapp-withcomposer\vendor\codeigniter4\framework\system\CodeIgniter.php(832): App\Controllers\Dashboard->dashboard_style2()
#9 C:\xampp-8.1.5\htdocs\ci4-deskapp-withcomposer\vendor\codeigniter4\framework\system\CodeIgniter.php(419): CodeIgniter\CodeIgniter->runController(Object(App\Controllers\Dashboard))
#10 C:\xampp-8.1.5\htdocs\ci4-deskapp-withcomposer\vendor\codeigniter4\framework\system\CodeIgniter.php(326): CodeIgniter\CodeIgniter->handleRequest(NULL, Object(Config\Cache), false)
#11 C:\xampp-8.1.5\htdocs\ci4-deskapp-withcomposer\public\index.php(37): CodeIgniter\CodeIgniter->run()
#12 C:\xampp-8.1.5\htdocs\ci4-deskapp-withcomposer\vendor\codeigniter4\framework\system\Commands\Server\rewrite.php(43): require_once('C:\\xampp-8.1.5\\...')
#13 {main}
CRITICAL - 2022-05-12 01:40:08 --> count(): Argument #1 ($value) must be of type Countable|array, null given
#0 C:\xampp-8.1.5\htdocs\ci4-deskapp-withcomposer\vendor\codeigniter4\framework\system\View\View.php(210): include()
#1 C:\xampp-8.1.5\htdocs\ci4-deskapp-withcomposer\vendor\codeigniter4\framework\system\View\View.php(213): CodeIgniter\View\View->CodeIgniter\View\{closure}()
#2 C:\xampp-8.1.5\htdocs\ci4-deskapp-withcomposer\vendor\codeigniter4\framework\system\Common.php(1089): CodeIgniter\View\View->render('layout/header', Array, true)
#3 C:\xampp-8.1.5\htdocs\ci4-deskapp-withcomposer\app\Views\layout\head.php(65): view('layout/header')
#4 C:\xampp-8.1.5\htdocs\ci4-deskapp-withcomposer\vendor\codeigniter4\framework\system\View\View.php(210): include('C:\\xampp-8.1.5\\...')
#5 C:\xampp-8.1.5\htdocs\ci4-deskapp-withcomposer\vendor\codeigniter4\framework\system\View\View.php(213): CodeIgniter\View\View->CodeIgniter\View\{closure}()
#6 C:\xampp-8.1.5\htdocs\ci4-deskapp-withcomposer\vendor\codeigniter4\framework\system\Common.php(1089): CodeIgniter\View\View->render('layout/head', Array, true)
#7 C:\xampp-8.1.5\htdocs\ci4-deskapp-withcomposer\app\Controllers\Dashboard.php(23): view('layout/head')
#8 C:\xampp-8.1.5\htdocs\ci4-deskapp-withcomposer\vendor\codeigniter4\framework\system\CodeIgniter.php(832): App\Controllers\Dashboard->index()
#9 C:\xampp-8.1.5\htdocs\ci4-deskapp-withcomposer\vendor\codeigniter4\framework\system\CodeIgniter.php(419): CodeIgniter\CodeIgniter->runController(Object(App\Controllers\Dashboard))
#10 C:\xampp-8.1.5\htdocs\ci4-deskapp-withcomposer\vendor\codeigniter4\framework\system\CodeIgniter.php(326): CodeIgniter\CodeIgniter->handleRequest(NULL, Object(Config\Cache), false)
#11 C:\xampp-8.1.5\htdocs\ci4-deskapp-withcomposer\public\index.php(37): CodeIgniter\CodeIgniter->run()
#12 C:\xampp-8.1.5\htdocs\ci4-deskapp-withcomposer\vendor\codeigniter4\framework\system\Commands\Server\rewrite.php(43): require_once('C:\\xampp-8.1.5\\...')
#13 {main}
CRITICAL - 2022-05-12 01:40:42 --> count(): Argument #1 ($value) must be of type Countable|array, null given
#0 C:\xampp-8.1.5\htdocs\ci4-deskapp-withcomposer\vendor\codeigniter4\framework\system\View\View.php(210): include()
#1 C:\xampp-8.1.5\htdocs\ci4-deskapp-withcomposer\vendor\codeigniter4\framework\system\View\View.php(213): CodeIgniter\View\View->CodeIgniter\View\{closure}()
#2 C:\xampp-8.1.5\htdocs\ci4-deskapp-withcomposer\vendor\codeigniter4\framework\system\Common.php(1089): CodeIgniter\View\View->render('layout/header', Array, true)
#3 C:\xampp-8.1.5\htdocs\ci4-deskapp-withcomposer\app\Views\layout\head.php(64): view('layout/header')
#4 C:\xampp-8.1.5\htdocs\ci4-deskapp-withcomposer\vendor\codeigniter4\framework\system\View\View.php(210): include('C:\\xampp-8.1.5\\...')
#5 C:\xampp-8.1.5\htdocs\ci4-deskapp-withcomposer\vendor\codeigniter4\framework\system\View\View.php(213): CodeIgniter\View\View->CodeIgniter\View\{closure}()
#6 C:\xampp-8.1.5\htdocs\ci4-deskapp-withcomposer\vendor\codeigniter4\framework\system\Common.php(1089): CodeIgniter\View\View->render('layout/head', Array, true)
#7 C:\xampp-8.1.5\htdocs\ci4-deskapp-withcomposer\app\Controllers\Dashboard.php(23): view('layout/head')
#8 C:\xampp-8.1.5\htdocs\ci4-deskapp-withcomposer\vendor\codeigniter4\framework\system\CodeIgniter.php(832): App\Controllers\Dashboard->index()
#9 C:\xampp-8.1.5\htdocs\ci4-deskapp-withcomposer\vendor\codeigniter4\framework\system\CodeIgniter.php(419): CodeIgniter\CodeIgniter->runController(Object(App\Controllers\Dashboard))
#10 C:\xampp-8.1.5\htdocs\ci4-deskapp-withcomposer\vendor\codeigniter4\framework\system\CodeIgniter.php(326): CodeIgniter\CodeIgniter->handleRequest(NULL, Object(Config\Cache), false)
#11 C:\xampp-8.1.5\htdocs\ci4-deskapp-withcomposer\public\index.php(37): CodeIgniter\CodeIgniter->run()
#12 C:\xampp-8.1.5\htdocs\ci4-deskapp-withcomposer\vendor\codeigniter4\framework\system\Commands\Server\rewrite.php(43): require_once('C:\\xampp-8.1.5\\...')
#13 {main}
CRITICAL - 2022-05-12 01:41:45 --> Invalid file: header.php
#0 C:\xampp-8.1.5\htdocs\ci4-deskapp-withcomposer\vendor\codeigniter4\framework\system\View\View.php(198): CodeIgniter\Exceptions\FrameworkException::forInvalidFile('header.php')
#1 C:\xampp-8.1.5\htdocs\ci4-deskapp-withcomposer\vendor\codeigniter4\framework\system\Common.php(1089): CodeIgniter\View\View->render('header', Array, true)
#2 C:\xampp-8.1.5\htdocs\ci4-deskapp-withcomposer\app\Views\layout\head.php(64): view('header')
#3 C:\xampp-8.1.5\htdocs\ci4-deskapp-withcomposer\vendor\codeigniter4\framework\system\View\View.php(210): include('C:\\xampp-8.1.5\\...')
#4 C:\xampp-8.1.5\htdocs\ci4-deskapp-withcomposer\vendor\codeigniter4\framework\system\View\View.php(213): CodeIgniter\View\View->CodeIgniter\View\{closure}()
#5 C:\xampp-8.1.5\htdocs\ci4-deskapp-withcomposer\vendor\codeigniter4\framework\system\Common.php(1089): CodeIgniter\View\View->render('layout/head', Array, true)
#6 C:\xampp-8.1.5\htdocs\ci4-deskapp-withcomposer\app\Controllers\Dashboard.php(23): view('layout/head')
#7 C:\xampp-8.1.5\htdocs\ci4-deskapp-withcomposer\vendor\codeigniter4\framework\system\CodeIgniter.php(832): App\Controllers\Dashboard->index()
#8 C:\xampp-8.1.5\htdocs\ci4-deskapp-withcomposer\vendor\codeigniter4\framework\system\CodeIgniter.php(419): CodeIgniter\CodeIgniter->runController(Object(App\Controllers\Dashboard))
#9 C:\xampp-8.1.5\htdocs\ci4-deskapp-withcomposer\vendor\codeigniter4\framework\system\CodeIgniter.php(326): CodeIgniter\CodeIgniter->handleRequest(NULL, Object(Config\Cache), false)
#10 C:\xampp-8.1.5\htdocs\ci4-deskapp-withcomposer\public\index.php(37): CodeIgniter\CodeIgniter->run()
#11 C:\xampp-8.1.5\htdocs\ci4-deskapp-withcomposer\vendor\codeigniter4\framework\system\Commands\Server\rewrite.php(43): require_once('C:\\xampp-8.1.5\\...')
#12 {main}
CRITICAL - 2022-05-12 01:41:54 --> include(header): Failed to open stream: No such file or directory
#0 C:\xampp-8.1.5\htdocs\ci4-deskapp-withcomposer\app\Views\layout\head.php(64): CodeIgniter\Debug\Exceptions->errorHandler(2, 'include(header)...', 'C:\\xampp-8.1.5\\...', 64)
#1 C:\xampp-8.1.5\htdocs\ci4-deskapp-withcomposer\app\Views\layout\head.php(64): include()
#2 C:\xampp-8.1.5\htdocs\ci4-deskapp-withcomposer\vendor\codeigniter4\framework\system\View\View.php(210): include('C:\\xampp-8.1.5\\...')
#3 C:\xampp-8.1.5\htdocs\ci4-deskapp-withcomposer\vendor\codeigniter4\framework\system\View\View.php(213): CodeIgniter\View\View->CodeIgniter\View\{closure}()
#4 C:\xampp-8.1.5\htdocs\ci4-deskapp-withcomposer\vendor\codeigniter4\framework\system\Common.php(1089): CodeIgniter\View\View->render('layout/head', Array, true)
#5 C:\xampp-8.1.5\htdocs\ci4-deskapp-withcomposer\app\Controllers\Dashboard.php(23): view('layout/head')
#6 C:\xampp-8.1.5\htdocs\ci4-deskapp-withcomposer\vendor\codeigniter4\framework\system\CodeIgniter.php(832): App\Controllers\Dashboard->index()
#7 C:\xampp-8.1.5\htdocs\ci4-deskapp-withcomposer\vendor\codeigniter4\framework\system\CodeIgniter.php(419): CodeIgniter\CodeIgniter->runController(Object(App\Controllers\Dashboard))
#8 C:\xampp-8.1.5\htdocs\ci4-deskapp-withcomposer\vendor\codeigniter4\framework\system\CodeIgniter.php(326): CodeIgniter\CodeIgniter->handleRequest(NULL, Object(Config\Cache), false)
#9 C:\xampp-8.1.5\htdocs\ci4-deskapp-withcomposer\public\index.php(37): CodeIgniter\CodeIgniter->run()
#10 C:\xampp-8.1.5\htdocs\ci4-deskapp-withcomposer\vendor\codeigniter4\framework\system\Commands\Server\rewrite.php(43): require_once('C:\\xampp-8.1.5\\...')
#11 {main}
CRITICAL - 2022-05-12 01:42:00 --> include(./header): Failed to open stream: No such file or directory
#0 C:\xampp-8.1.5\htdocs\ci4-deskapp-withcomposer\app\Views\layout\head.php(64): CodeIgniter\Debug\Exceptions->errorHandler(2, 'include(./heade...', 'C:\\xampp-8.1.5\\...', 64)
#1 C:\xampp-8.1.5\htdocs\ci4-deskapp-withcomposer\app\Views\layout\head.php(64): include()
#2 C:\xampp-8.1.5\htdocs\ci4-deskapp-withcomposer\vendor\codeigniter4\framework\system\View\View.php(210): include('C:\\xampp-8.1.5\\...')
#3 C:\xampp-8.1.5\htdocs\ci4-deskapp-withcomposer\vendor\codeigniter4\framework\system\View\View.php(213): CodeIgniter\View\View->CodeIgniter\View\{closure}()
#4 C:\xampp-8.1.5\htdocs\ci4-deskapp-withcomposer\vendor\codeigniter4\framework\system\Common.php(1089): CodeIgniter\View\View->render('layout/head', Array, true)
#5 C:\xampp-8.1.5\htdocs\ci4-deskapp-withcomposer\app\Controllers\Dashboard.php(23): view('layout/head')
#6 C:\xampp-8.1.5\htdocs\ci4-deskapp-withcomposer\vendor\codeigniter4\framework\system\CodeIgniter.php(832): App\Controllers\Dashboard->index()
#7 C:\xampp-8.1.5\htdocs\ci4-deskapp-withcomposer\vendor\codeigniter4\framework\system\CodeIgniter.php(419): CodeIgniter\CodeIgniter->runController(Object(App\Controllers\Dashboard))
#8 C:\xampp-8.1.5\htdocs\ci4-deskapp-withcomposer\vendor\codeigniter4\framework\system\CodeIgniter.php(326): CodeIgniter\CodeIgniter->handleRequest(NULL, Object(Config\Cache), false)
#9 C:\xampp-8.1.5\htdocs\ci4-deskapp-withcomposer\public\index.php(37): CodeIgniter\CodeIgniter->run()
#10 C:\xampp-8.1.5\htdocs\ci4-deskapp-withcomposer\vendor\codeigniter4\framework\system\Commands\Server\rewrite.php(43): require_once('C:\\xampp-8.1.5\\...')
#11 {main}
CRITICAL - 2022-05-12 01:43:28 --> include(): http:// wrapper is disabled in the server configuration by allow_url_include=0
#0 C:\xampp-8.1.5\htdocs\ci4-deskapp-withcomposer\app\Views\layout\head.php(64): CodeIgniter\Debug\Exceptions->errorHandler(2, 'include(): http...', 'C:\\xampp-8.1.5\\...', 64)
#1 C:\xampp-8.1.5\htdocs\ci4-deskapp-withcomposer\app\Views\layout\head.php(64): include()
#2 C:\xampp-8.1.5\htdocs\ci4-deskapp-withcomposer\vendor\codeigniter4\framework\system\View\View.php(210): include('C:\\xampp-8.1.5\\...')
#3 C:\xampp-8.1.5\htdocs\ci4-deskapp-withcomposer\vendor\codeigniter4\framework\system\View\View.php(213): CodeIgniter\View\View->CodeIgniter\View\{closure}()
#4 C:\xampp-8.1.5\htdocs\ci4-deskapp-withcomposer\vendor\codeigniter4\framework\system\Common.php(1089): CodeIgniter\View\View->render('layout/head', Array, true)
#5 C:\xampp-8.1.5\htdocs\ci4-deskapp-withcomposer\app\Controllers\Dashboard.php(23): view('layout/head')
#6 C:\xampp-8.1.5\htdocs\ci4-deskapp-withcomposer\vendor\codeigniter4\framework\system\CodeIgniter.php(832): App\Controllers\Dashboard->index()
#7 C:\xampp-8.1.5\htdocs\ci4-deskapp-withcomposer\vendor\codeigniter4\framework\system\CodeIgniter.php(419): CodeIgniter\CodeIgniter->runController(Object(App\Controllers\Dashboard))
#8 C:\xampp-8.1.5\htdocs\ci4-deskapp-withcomposer\vendor\codeigniter4\framework\system\CodeIgniter.php(326): CodeIgniter\CodeIgniter->handleRequest(NULL, Object(Config\Cache), false)
#9 C:\xampp-8.1.5\htdocs\ci4-deskapp-withcomposer\public\index.php(37): CodeIgniter\CodeIgniter->run()
#10 C:\xampp-8.1.5\htdocs\ci4-deskapp-withcomposer\vendor\codeigniter4\framework\system\Commands\Server\rewrite.php(43): require_once('C:\\xampp-8.1.5\\...')
#11 {main}
CRITICAL - 2022-05-12 01:44:44 --> count(): Argument #1 ($value) must be of type Countable|array, null given
#0 C:\xampp-8.1.5\htdocs\ci4-deskapp-withcomposer\vendor\codeigniter4\framework\system\View\View.php(210): include()
#1 C:\xampp-8.1.5\htdocs\ci4-deskapp-withcomposer\vendor\codeigniter4\framework\system\View\View.php(213): CodeIgniter\View\View->CodeIgniter\View\{closure}()
#2 C:\xampp-8.1.5\htdocs\ci4-deskapp-withcomposer\vendor\codeigniter4\framework\system\Common.php(1089): CodeIgniter\View\View->render('layout/head', Array, true)
#3 C:\xampp-8.1.5\htdocs\ci4-deskapp-withcomposer\app\Controllers\Dashboard.php(23): view('layout/head')
#4 C:\xampp-8.1.5\htdocs\ci4-deskapp-withcomposer\vendor\codeigniter4\framework\system\CodeIgniter.php(832): App\Controllers\Dashboard->index()
#5 C:\xampp-8.1.5\htdocs\ci4-deskapp-withcomposer\vendor\codeigniter4\framework\system\CodeIgniter.php(419): CodeIgniter\CodeIgniter->runController(Object(App\Controllers\Dashboard))
#6 C:\xampp-8.1.5\htdocs\ci4-deskapp-withcomposer\vendor\codeigniter4\framework\system\CodeIgniter.php(326): CodeIgniter\CodeIgniter->handleRequest(NULL, Object(Config\Cache), false)
#7 C:\xampp-8.1.5\htdocs\ci4-deskapp-withcomposer\public\index.php(37): CodeIgniter\CodeIgniter->run()
#8 C:\xampp-8.1.5\htdocs\ci4-deskapp-withcomposer\vendor\codeigniter4\framework\system\Commands\Server\rewrite.php(43): require_once('C:\\xampp-8.1.5\\...')
#9 {main}
CRITICAL - 2022-05-12 02:37:20 --> Invalid file: pages/dashboard_style1.php
#0 C:\xampp-8.1.5\htdocs\ci4-deskapp-withcomposer\vendor\codeigniter4\framework\system\View\View.php(198): CodeIgniter\Exceptions\FrameworkException::forInvalidFile('pages/dashboard...')
#1 C:\xampp-8.1.5\htdocs\ci4-deskapp-withcomposer\vendor\codeigniter4\framework\system\Common.php(1089): CodeIgniter\View\View->render('pages/dashboard...', Array, true)
#2 C:\xampp-8.1.5\htdocs\ci4-deskapp-withcomposer\app\Controllers\Forms.php(24): view('pages/dashboard...', Array)
#3 C:\xampp-8.1.5\htdocs\ci4-deskapp-withcomposer\vendor\codeigniter4\framework\system\CodeIgniter.php(832): App\Controllers\Forms->index()
#4 C:\xampp-8.1.5\htdocs\ci4-deskapp-withcomposer\vendor\codeigniter4\framework\system\CodeIgniter.php(419): CodeIgniter\CodeIgniter->runController(Object(App\Controllers\Forms))
#5 C:\xampp-8.1.5\htdocs\ci4-deskapp-withcomposer\vendor\codeigniter4\framework\system\CodeIgniter.php(326): CodeIgniter\CodeIgniter->handleRequest(NULL, Object(Config\Cache), false)
#6 C:\xampp-8.1.5\htdocs\ci4-deskapp-withcomposer\public\index.php(37): CodeIgniter\CodeIgniter->run()
#7 C:\xampp-8.1.5\htdocs\ci4-deskapp-withcomposer\vendor\codeigniter4\framework\system\Commands\Server\rewrite.php(43): require_once('C:\\xampp-8.1.5\\...')
#8 {main}
CRITICAL - 2022-05-12 02:38:40 --> Invalid file: pages/dashboard_style1.php
#0 C:\xampp-8.1.5\htdocs\ci4-deskapp-withcomposer\vendor\codeigniter4\framework\system\View\View.php(198): CodeIgniter\Exceptions\FrameworkException::forInvalidFile('pages/dashboard...')
#1 C:\xampp-8.1.5\htdocs\ci4-deskapp-withcomposer\vendor\codeigniter4\framework\system\Common.php(1089): CodeIgniter\View\View->render('pages/dashboard...', Array, true)
#2 C:\xampp-8.1.5\htdocs\ci4-deskapp-withcomposer\app\Controllers\Forms.php(24): view('pages/dashboard...', Array)
#3 C:\xampp-8.1.5\htdocs\ci4-deskapp-withcomposer\vendor\codeigniter4\framework\system\CodeIgniter.php(832): App\Controllers\Forms->index()
#4 C:\xampp-8.1.5\htdocs\ci4-deskapp-withcomposer\vendor\codeigniter4\framework\system\CodeIgniter.php(419): CodeIgniter\CodeIgniter->runController(Object(App\Controllers\Forms))
#5 C:\xampp-8.1.5\htdocs\ci4-deskapp-withcomposer\vendor\codeigniter4\framework\system\CodeIgniter.php(326): CodeIgniter\CodeIgniter->handleRequest(NULL, Object(Config\Cache), false)
#6 C:\xampp-8.1.5\htdocs\ci4-deskapp-withcomposer\public\index.php(37): CodeIgniter\CodeIgniter->run()
#7 C:\xampp-8.1.5\htdocs\ci4-deskapp-withcomposer\vendor\codeigniter4\framework\system\Commands\Server\rewrite.php(43): require_once('C:\\xampp-8.1.5\\...')
#8 {main}
CRITICAL - 2022-05-12 02:38:55 --> Invalid file: pages/dashboard_style1.php
#0 C:\xampp-8.1.5\htdocs\ci4-deskapp-withcomposer\vendor\codeigniter4\framework\system\View\View.php(198): CodeIgniter\Exceptions\FrameworkException::forInvalidFile('pages/dashboard...')
#1 C:\xampp-8.1.5\htdocs\ci4-deskapp-withcomposer\vendor\codeigniter4\framework\system\Common.php(1089): CodeIgniter\View\View->render('pages/dashboard...', Array, true)
#2 C:\xampp-8.1.5\htdocs\ci4-deskapp-withcomposer\app\Controllers\Forms.php(24): view('pages/dashboard...', Array)
#3 C:\xampp-8.1.5\htdocs\ci4-deskapp-withcomposer\vendor\codeigniter4\framework\system\CodeIgniter.php(832): App\Controllers\Forms->index()
#4 C:\xampp-8.1.5\htdocs\ci4-deskapp-withcomposer\vendor\codeigniter4\framework\system\CodeIgniter.php(419): CodeIgniter\CodeIgniter->runController(Object(App\Controllers\Forms))
#5 C:\xampp-8.1.5\htdocs\ci4-deskapp-withcomposer\vendor\codeigniter4\framework\system\CodeIgniter.php(326): CodeIgniter\CodeIgniter->handleRequest(NULL, Object(Config\Cache), false)
#6 C:\xampp-8.1.5\htdocs\ci4-deskapp-withcomposer\public\index.php(37): CodeIgniter\CodeIgniter->run()
#7 C:\xampp-8.1.5\htdocs\ci4-deskapp-withcomposer\vendor\codeigniter4\framework\system\Commands\Server\rewrite.php(43): require_once('C:\\xampp-8.1.5\\...')
#8 {main}
